<?xml version="1.0" encoding="UTF-8"?>
<!-- Generated by org.testng.reporters.JUnitReportReporter -->
<testsuite hostname="Sneha" failures="0" tests="1" name="com.SauceDemo.TestClassesPACK2.TC07verifyAbleToSeeCusInformation" time="28.586" errors="0" timestamp="2022-05-29T17:51:36 IST" skipped="0">
  <testcase classname="com.SauceDemo.TestClassesPACK2.TC07verifyAbleToSeeCusInformation" name="SeeCusInformation" time="28.586"/>
  <system-out/>
</testsuite> <!-- com.SauceDemo.TestClassesPACK2.TC07verifyAbleToSeeCusInformation -->
